[ 2017-01-14T20:04:03+08:00 ] ::1 /index.php/Admin/Index/index
INFO: [ app_init ] --START--
INFO: Run Behavior\BuildLiteBehavior [ RunTime:0.000057s ]
INFO: [ app_init ] --END-- [ RunTime:0.000650s ]
INFO: [ app_begin ] --START--
INFO: Run Behavior\ReadHtmlCacheBehavior [ RunTime:0.000502s ]
INFO: [ app_begin ] --END-- [ RunTime:0.000742s ]
SQL: SHOW COLUMNS FROM `mt_oauth_user` [ RunTime:0.0538s ]
SQL: SELECT COUNT(*) AS tp_count FROM `mt_oauth_user` WHERE `is_admin` = 1 LIMIT 1   [ RunTime:0.0531s ]

[ 2017-01-14T20:04:04+08:00 ] ::1 /index.php/Admin/Login/login
INFO: [ app_init ] --START--
INFO: Run Behavior\BuildLiteBehavior [ RunTime:0.000054s ]
INFO: [ app_init ] --END-- [ RunTime:0.000549s ]
INFO: [ app_begin ] --START--
INFO: Run Behavior\ReadHtmlCacheBehavior [ RunTime:0.000485s ]
INFO: [ app_begin ] --END-- [ RunTime:0.000718s ]
SQL: SHOW COLUMNS FROM `mt_category` [ RunTime:0.0539s ]
SQL: SELECT * FROM `mt_category` ORDER BY sort  [ RunTime:0.0538s ]
SQL: SHOW COLUMNS FROM `mt_tag` [ RunTime:0.0568s ]
SQL: SELECT * FROM `mt_tag`  [ RunTime:0.0516s ]
SQL: SHOW COLUMNS FROM `mt_article_tag` [ RunTime:0.0537s ]
SQL: SELECT COUNT(*) AS tp_count FROM `mt_article_tag` WHERE `tid` = 20 LIMIT 1   [ RunTime:0.0538s ]
SQL: SHOW COLUMNS FROM `mt_link` [ RunTime:0.0567s ]
SQL: SELECT * FROM `mt_link` WHERE `is_delete` = 0 AND `is_show` = 1 ORDER BY sort  [ RunTime:0.0529s ]
SQL: SHOW COLUMNS FROM `mt_oauth_user` [ RunTime:0.0565s ]
SQL: SELECT COUNT(*) AS tp_count FROM `mt_oauth_user` WHERE `is_admin` = 1 LIMIT 1   [ RunTime:0.0539s ]
INFO: [ view_parse ] --START--
INFO: [ template_filter ] --START--
INFO: Run Behavior\ContentReplaceBehavior [ RunTime:0.000188s ]
INFO: [ template_filter ] --END-- [ RunTime:0.000512s ]
NOTIC: [8] Undefined index: ADMIN_PASSWORD /Applications/MAMP/htdocs/mt.com/Runtime/Cache/Admin/b891abcc3bb76636e2a96a245e9568d6.php 第 6 行.
INFO: Run Behavior\ParseTemplateBehavior [ RunTime:0.017147s ]
INFO: [ view_parse ] --END-- [ RunTime:0.017528s ]
INFO: [ view_filter ] --START--
INFO: Run Behavior\WriteHtmlCacheBehavior [ RunTime:0.000225s ]
INFO: [ view_filter ] --END-- [ RunTime:0.000483s ]
INFO: [ app_end ] --START--
INFO: Run Behavior\ShowPageTraceBehavior [ RunTime:0.000635s ]
INFO: [ app_end ] --END-- [ RunTime:0.000893s ]

[ 2017-01-14T20:04:05+08:00 ] ::1 /index.php/Admin/Login/showVerify
INFO: [ app_init ] --START--
INFO: Run Behavior\BuildLiteBehavior [ RunTime:0.000057s ]
INFO: [ app_init ] --END-- [ RunTime:0.000613s ]
INFO: [ app_begin ] --START--
INFO: Run Behavior\ReadHtmlCacheBehavior [ RunTime:0.000672s ]
INFO: [ app_begin ] --END-- [ RunTime:0.000926s ]
SQL: SHOW COLUMNS FROM `mt_category` [ RunTime:0.0545s ]
SQL: SELECT * FROM `mt_category` ORDER BY sort  [ RunTime:0.0536s ]
SQL: SHOW COLUMNS FROM `mt_tag` [ RunTime:0.0580s ]
SQL: SELECT * FROM `mt_tag`  [ RunTime:0.0527s ]
SQL: SHOW COLUMNS FROM `mt_article_tag` [ RunTime:0.0559s ]
SQL: SELECT COUNT(*) AS tp_count FROM `mt_article_tag` WHERE `tid` = 20 LIMIT 1   [ RunTime:0.0534s ]
SQL: SHOW COLUMNS FROM `mt_link` [ RunTime:0.0558s ]
SQL: SELECT * FROM `mt_link` WHERE `is_delete` = 0 AND `is_show` = 1 ORDER BY sort  [ RunTime:0.1617s ]
INFO: [ app_end ] --START--
INFO: Run Behavior\ShowPageTraceBehavior [ RunTime:0.000789s ]
INFO: [ app_end ] --END-- [ RunTime:0.001241s ]

[ 2017-01-14T20:04:24+08:00 ] ::1 /index.php/Admin/Login/login
INFO: [ app_init ] --START--
INFO: Run Behavior\BuildLiteBehavior [ RunTime:0.000056s ]
INFO: [ app_init ] --END-- [ RunTime:0.000629s ]
INFO: [ app_begin ] --START--
INFO: Run Behavior\ReadHtmlCacheBehavior [ RunTime:0.000575s ]
INFO: [ app_begin ] --END-- [ RunTime:0.000875s ]
SQL: SHOW COLUMNS FROM `mt_category` [ RunTime:0.0537s ]
SQL: SELECT * FROM `mt_category` ORDER BY sort  [ RunTime:0.0535s ]
SQL: SHOW COLUMNS FROM `mt_tag` [ RunTime:0.0572s ]
SQL: SELECT * FROM `mt_tag`  [ RunTime:0.0520s ]
SQL: SHOW COLUMNS FROM `mt_article_tag` [ RunTime:0.0558s ]
SQL: SELECT COUNT(*) AS tp_count FROM `mt_article_tag` WHERE `tid` = 20 LIMIT 1   [ RunTime:0.0531s ]
SQL: SHOW COLUMNS FROM `mt_link` [ RunTime:0.0599s ]
SQL: SELECT * FROM `mt_link` WHERE `is_delete` = 0 AND `is_show` = 1 ORDER BY sort  [ RunTime:0.0528s ]
SQL: SHOW COLUMNS FROM `mt_oauth_user` [ RunTime:0.0554s ]
SQL: SELECT COUNT(*) AS tp_count FROM `mt_oauth_user` WHERE `is_admin` = 1 LIMIT 1   [ RunTime:0.0524s ]
SQL: SHOW COLUMNS FROM `mt_config` [ RunTime:0.0557s ]
SQL: SELECT `value` FROM `mt_config` WHERE `name` = 'ADMIN_PASSWORD' LIMIT 1   [ RunTime:0.0554s ]
INFO: [ view_parse ] --START--
INFO: [ template_filter ] --START--
INFO: Run Behavior\ContentReplaceBehavior [ RunTime:0.000177s ]
INFO: [ template_filter ] --END-- [ RunTime:0.000500s ]
INFO: Run Behavior\ParseTemplateBehavior [ RunTime:0.015001s ]
INFO: [ view_parse ] --END-- [ RunTime:0.015377s ]
INFO: [ view_filter ] --START--
INFO: Run Behavior\WriteHtmlCacheBehavior [ RunTime:0.000244s ]
INFO: [ view_filter ] --END-- [ RunTime:0.000533s ]
INFO: [ app_end ] --START--
INFO: Run Behavior\ShowPageTraceBehavior [ RunTime:0.000614s ]
INFO: [ app_end ] --END-- [ RunTime:0.000881s ]

[ 2017-01-14T20:04:25+08:00 ] ::1 /index.php/Admin/Index/index
INFO: [ app_init ] --START--
INFO: Run Behavior\BuildLiteBehavior [ RunTime:0.000058s ]
INFO: [ app_init ] --END-- [ RunTime:0.000638s ]
INFO: [ app_begin ] --START--
INFO: Run Behavior\ReadHtmlCacheBehavior [ RunTime:0.000470s ]
INFO: [ app_begin ] --END-- [ RunTime:0.000707s ]
INFO: [ view_parse ] --START--
INFO: [ template_filter ] --START--
INFO: Run Behavior\ContentReplaceBehavior [ RunTime:0.000153s ]
INFO: [ template_filter ] --END-- [ RunTime:0.000425s ]
INFO: Run Behavior\ParseTemplateBehavior [ RunTime:0.024259s ]
INFO: [ view_parse ] --END-- [ RunTime:0.024565s ]
INFO: [ view_filter ] --START--
INFO: Run Behavior\WriteHtmlCacheBehavior [ RunTime:0.000482s ]
INFO: [ view_filter ] --END-- [ RunTime:0.000825s ]
INFO: [ app_end ] --START--
INFO: Run Behavior\ShowPageTraceBehavior [ RunTime:0.000777s ]
INFO: [ app_end ] --END-- [ RunTime:0.001116s ]

[ 2017-01-14T20:04:26+08:00 ] ::1 /index.php/Admin/Index/welcome
INFO: [ app_init ] --START--
INFO: Run Behavior\BuildLiteBehavior [ RunTime:0.000053s ]
INFO: [ app_init ] --END-- [ RunTime:0.000552s ]
INFO: [ app_begin ] --START--
INFO: Run Behavior\ReadHtmlCacheBehavior [ RunTime:0.000483s ]
INFO: [ app_begin ] --END-- [ RunTime:0.000729s ]
SQL: SHOW COLUMNS FROM `mt_article` [ RunTime:0.0539s ]
SQL: SELECT COUNT(*) AS tp_count FROM `mt_article` LIMIT 1   [ RunTime:0.0527s ]
SQL: SELECT COUNT(*) AS tp_count FROM `mt_article` WHERE `is_delete` = 1 LIMIT 1   [ RunTime:0.0531s ]
SQL: SELECT COUNT(*) AS tp_count FROM `mt_article` WHERE `is_show` = 0 LIMIT 1   [ RunTime:0.0564s ]
SQL: SHOW COLUMNS FROM `mt_chat` [ RunTime:0.0538s ]
SQL: SELECT COUNT(*) AS tp_count FROM `mt_chat` LIMIT 1   [ RunTime:0.0527s ]
SQL: SELECT COUNT(*) AS tp_count FROM `mt_chat` WHERE `is_delete` = 1 LIMIT 1   [ RunTime:0.0525s ]
SQL: SELECT COUNT(*) AS tp_count FROM `mt_chat` WHERE `is_show` = 0 LIMIT 1   [ RunTime:0.0533s ]
SQL: SHOW COLUMNS FROM `mt_comment` [ RunTime:0.0555s ]
SQL: SELECT COUNT(*) AS tp_count FROM `mt_comment` LIMIT 1   [ RunTime:0.0530s ]
INFO: [ view_parse ] --START--
INFO: [ template_filter ] --START--
INFO: Run Behavior\ContentReplaceBehavior [ RunTime:0.000173s ]
INFO: [ template_filter ] --END-- [ RunTime:0.000480s ]
INFO: Run Behavior\ParseTemplateBehavior [ RunTime:0.014945s ]
INFO: [ view_parse ] --END-- [ RunTime:0.015245s ]
INFO: [ view_filter ] --START--
INFO: Run Behavior\WriteHtmlCacheBehavior [ RunTime:0.000229s ]
INFO: [ view_filter ] --END-- [ RunTime:0.000487s ]
INFO: [ app_end ] --START--
INFO: Run Behavior\ShowPageTraceBehavior [ RunTime:0.000594s ]
INFO: [ app_end ] --END-- [ RunTime:0.000866s ]

[ 2017-01-14T20:04:29+08:00 ] ::1 /index.php/Admin/Comment/index
INFO: [ app_init ] --START--
INFO: Run Behavior\BuildLiteBehavior [ RunTime:0.000053s ]
INFO: [ app_init ] --END-- [ RunTime:0.000551s ]
INFO: [ app_begin ] --START--
INFO: Run Behavior\ReadHtmlCacheBehavior [ RunTime:0.000466s ]
INFO: [ app_begin ] --END-- [ RunTime:0.000699s ]
SQL: SHOW COLUMNS FROM `mt_comment` [ RunTime:0.0555s ]
SQL: SELECT COUNT(*) AS tp_count FROM mt_comment c INNER JOIN mt_article a ON a.aid=c.aid INNER JOIN mt_oauth_user ou ON ou.id=c.ouid  WHERE c.is_delete = 0 LIMIT 1   [ RunTime:0.0532s ]
SQL: SELECT c.*,a.title,ou.nickname FROM mt_comment c INNER JOIN mt_article a ON a.aid=c.aid INNER JOIN mt_oauth_user ou ON ou.id=c.ouid  WHERE c.is_delete = 0 ORDER BY date desc LIMIT 0,15   [ RunTime:0.0553s ]
INFO: [ view_parse ] --START--
INFO: [ template_filter ] --START--
INFO: Run Behavior\ContentReplaceBehavior [ RunTime:0.000134s ]
INFO: [ template_filter ] --END-- [ RunTime:0.000389s ]
INFO: Run Behavior\ParseTemplateBehavior [ RunTime:0.017699s ]
INFO: [ view_parse ] --END-- [ RunTime:0.018040s ]
INFO: [ view_filter ] --START--
INFO: Run Behavior\WriteHtmlCacheBehavior [ RunTime:0.000174s ]
INFO: [ view_filter ] --END-- [ RunTime:0.000390s ]
INFO: [ app_end ] --START--
INFO: Run Behavior\ShowPageTraceBehavior [ RunTime:0.000500s ]
INFO: [ app_end ] --END-- [ RunTime:0.000727s ]

[ 2017-01-14T20:04:32+08:00 ] ::1 /index.php/Admin/Article/add
INFO: [ app_init ] --START--
INFO: Run Behavior\BuildLiteBehavior [ RunTime:0.000050s ]
INFO: [ app_init ] --END-- [ RunTime:0.000518s ]
INFO: [ app_begin ] --START--
INFO: Run Behavior\ReadHtmlCacheBehavior [ RunTime:0.000442s ]
INFO: [ app_begin ] --END-- [ RunTime:0.000669s ]
SQL: SHOW COLUMNS FROM `mt_article` [ RunTime:0.0577s ]
SQL: SHOW COLUMNS FROM `mt_category` [ RunTime:0.0545s ]
SQL: SELECT * FROM `mt_category` ORDER BY sort  [ RunTime:0.0531s ]
SQL: SHOW COLUMNS FROM `mt_tag` [ RunTime:0.0551s ]
SQL: SELECT * FROM `mt_tag`  [ RunTime:0.0779s ]
SQL: SHOW COLUMNS FROM `mt_article_tag` [ RunTime:0.0540s ]
SQL: SELECT COUNT(*) AS tp_count FROM `mt_article_tag` WHERE `tid` = 20 LIMIT 1   [ RunTime:0.0532s ]
INFO: [ view_parse ] --START--
INFO: [ template_filter ] --START--
INFO: Run Behavior\ContentReplaceBehavior [ RunTime:0.000153s ]
INFO: [ template_filter ] --END-- [ RunTime:0.000412s ]
INFO: Run Behavior\ParseTemplateBehavior [ RunTime:0.018818s ]
INFO: [ view_parse ] --END-- [ RunTime:0.019319s ]
INFO: [ view_filter ] --START--
INFO: Run Behavior\WriteHtmlCacheBehavior [ RunTime:0.000273s ]
INFO: [ view_filter ] --END-- [ RunTime:0.000583s ]
INFO: [ app_end ] --START--
INFO: Run Behavior\ShowPageTraceBehavior [ RunTime:0.000777s ]
INFO: [ app_end ] --END-- [ RunTime:0.001110s ]

[ 2017-01-14T20:04:33+08:00 ] ::1 /index.php/Admin/Article/add
INFO: [ app_init ] --START--
INFO: Run Behavior\BuildLiteBehavior [ RunTime:0.000055s ]
INFO: [ app_init ] --END-- [ RunTime:0.000801s ]
INFO: [ app_begin ] --START--
INFO: Run Behavior\ReadHtmlCacheBehavior [ RunTime:0.000549s ]
INFO: [ app_begin ] --END-- [ RunTime:0.000816s ]
SQL: SHOW COLUMNS FROM `mt_article` [ RunTime:0.0547s ]
SQL: SHOW COLUMNS FROM `mt_category` [ RunTime:0.0547s ]
SQL: SELECT * FROM `mt_category` ORDER BY sort  [ RunTime:0.0521s ]
SQL: SHOW COLUMNS FROM `mt_tag` [ RunTime:0.0551s ]
SQL: SELECT * FROM `mt_tag`  [ RunTime:0.0528s ]
SQL: SHOW COLUMNS FROM `mt_article_tag` [ RunTime:0.0532s ]
SQL: SELECT COUNT(*) AS tp_count FROM `mt_article_tag` WHERE `tid` = 20 LIMIT 1   [ RunTime:0.0534s ]
INFO: [ view_parse ] --START--
INFO: [ template_filter ] --START--
INFO: Run Behavior\ContentReplaceBehavior [ RunTime:0.000145s ]
INFO: [ template_filter ] --END-- [ RunTime:0.000381s ]
INFO: Run Behavior\ParseTemplateBehavior [ RunTime:0.016285s ]
INFO: [ view_parse ] --END-- [ RunTime:0.016683s ]
INFO: [ view_filter ] --START--
INFO: Run Behavior\WriteHtmlCacheBehavior [ RunTime:0.000317s ]
INFO: [ view_filter ] --END-- [ RunTime:0.000574s ]
INFO: [ app_end ] --START--
INFO: Run Behavior\ShowPageTraceBehavior [ RunTime:0.000583s ]
INFO: [ app_end ] --END-- [ RunTime:0.000834s ]

[ 2017-01-14T20:04:35+08:00 ] ::1 /index.php/Admin/Tag/add
INFO: [ app_init ] --START--
INFO: Run Behavior\BuildLiteBehavior [ RunTime:0.000076s ]
INFO: [ app_init ] --END-- [ RunTime:0.000672s ]
INFO: [ app_begin ] --START--
INFO: Run Behavior\ReadHtmlCacheBehavior [ RunTime:0.000577s ]
INFO: [ app_begin ] --END-- [ RunTime:0.000876s ]
SQL: SHOW COLUMNS FROM `mt_tag` [ RunTime:0.0538s ]
INFO: [ view_parse ] --START--
INFO: [ template_filter ] --START--
INFO: Run Behavior\ContentReplaceBehavior [ RunTime:0.000159s ]
INFO: [ template_filter ] --END-- [ RunTime:0.000443s ]
INFO: Run Behavior\ParseTemplateBehavior [ RunTime:0.013050s ]
INFO: [ view_parse ] --END-- [ RunTime:0.013427s ]
INFO: [ view_filter ] --START--
INFO: Run Behavior\WriteHtmlCacheBehavior [ RunTime:0.000216s ]
INFO: [ view_filter ] --END-- [ RunTime:0.000468s ]
INFO: [ app_end ] --START--
INFO: Run Behavior\ShowPageTraceBehavior [ RunTime:0.000540s ]
INFO: [ app_end ] --END-- [ RunTime:0.000785s ]

[ 2017-01-14T20:04:37+08:00 ] ::1 /index.php/Admin/Tag/index
INFO: [ app_init ] --START--
INFO: Run Behavior\BuildLiteBehavior [ RunTime:0.000055s ]
INFO: [ app_init ] --END-- [ RunTime:0.000568s ]
INFO: [ app_begin ] --START--
INFO: Run Behavior\ReadHtmlCacheBehavior [ RunTime:0.000458s ]
INFO: [ app_begin ] --END-- [ RunTime:0.000690s ]
SQL: SHOW COLUMNS FROM `mt_tag` [ RunTime:0.0544s ]
SQL: SELECT * FROM `mt_tag`  [ RunTime:0.0532s ]
SQL: SHOW COLUMNS FROM `mt_article_tag` [ RunTime:0.1558s ]
SQL: SELECT COUNT(*) AS tp_count FROM `mt_article_tag` WHERE `tid` = 20 LIMIT 1   [ RunTime:0.0831s ]
INFO: [ view_parse ] --START--
INFO: [ template_filter ] --START--
INFO: Run Behavior\ContentReplaceBehavior [ RunTime:0.000151s ]
INFO: [ template_filter ] --END-- [ RunTime:0.000422s ]
INFO: Run Behavior\ParseTemplateBehavior [ RunTime:0.015689s ]
INFO: [ view_parse ] --END-- [ RunTime:0.016040s ]
INFO: [ view_filter ] --START--
INFO: Run Behavior\WriteHtmlCacheBehavior [ RunTime:0.000172s ]
INFO: [ view_filter ] --END-- [ RunTime:0.000388s ]
INFO: [ app_end ] --START--
INFO: Run Behavior\ShowPageTraceBehavior [ RunTime:0.000472s ]
INFO: [ app_end ] --END-- [ RunTime:0.000690s ]

[ 2017-01-14T20:04:39+08:00 ] ::1 /index.php/Admin/Category/add
INFO: [ app_init ] --START--
INFO: Run Behavior\BuildLiteBehavior [ RunTime:0.000052s ]
INFO: [ app_init ] --END-- [ RunTime:0.000528s ]
INFO: [ app_begin ] --START--
INFO: Run Behavior\ReadHtmlCacheBehavior [ RunTime:0.000470s ]
INFO: [ app_begin ] --END-- [ RunTime:0.000708s ]
SQL: SHOW COLUMNS FROM `mt_category` [ RunTime:0.0535s ]
SQL: SELECT * FROM `mt_category` ORDER BY sort  [ RunTime:0.0515s ]
INFO: [ view_parse ] --START--
INFO: [ template_filter ] --START--
INFO: Run Behavior\ContentReplaceBehavior [ RunTime:0.000175s ]
INFO: [ template_filter ] --END-- [ RunTime:0.000510s ]
NOTIC: [8] Undefined variable: cid /Applications/MAMP/htdocs/mt.com/Runtime/Cache/Admin/8a25fd7a872c6677dccd5d28490b6ff3.php 第 6 行.
INFO: Run Behavior\ParseTemplateBehavior [ RunTime:0.018385s ]
INFO: [ view_parse ] --END-- [ RunTime:0.018727s ]
INFO: [ view_filter ] --START--
INFO: Run Behavior\WriteHtmlCacheBehavior [ RunTime:0.000237s ]
INFO: [ view_filter ] --END-- [ RunTime:0.000495s ]
INFO: [ app_end ] --START--
INFO: Run Behavior\ShowPageTraceBehavior [ RunTime:0.000582s ]
INFO: [ app_end ] --END-- [ RunTime:0.000846s ]

[ 2017-01-14T20:04:40+08:00 ] ::1 /index.php/Admin/Category/index
INFO: [ app_init ] --START--
INFO: Run Behavior\BuildLiteBehavior [ RunTime:0.000053s ]
INFO: [ app_init ] --END-- [ RunTime:0.000530s ]
INFO: [ app_begin ] --START--
INFO: Run Behavior\ReadHtmlCacheBehavior [ RunTime:0.000485s ]
INFO: [ app_begin ] --END-- [ RunTime:0.000724s ]
SQL: SHOW COLUMNS FROM `mt_category` [ RunTime:0.0548s ]
SQL: SELECT * FROM `mt_category` ORDER BY sort  [ RunTime:0.0531s ]
INFO: [ view_parse ] --START--
INFO: [ template_filter ] --START--
INFO: Run Behavior\ContentReplaceBehavior [ RunTime:0.000154s ]
INFO: [ template_filter ] --END-- [ RunTime:0.000438s ]
INFO: Run Behavior\ParseTemplateBehavior [ RunTime:0.018040s ]
INFO: [ view_parse ] --END-- [ RunTime:0.018310s ]
INFO: [ view_filter ] --START--
INFO: Run Behavior\WriteHtmlCacheBehavior [ RunTime:0.000182s ]
INFO: [ view_filter ] --END-- [ RunTime:0.000393s ]
INFO: [ app_end ] --START--
INFO: Run Behavior\ShowPageTraceBehavior [ RunTime:0.000483s ]
INFO: [ app_end ] --END-- [ RunTime:0.000701s ]

[ 2017-01-14T20:04:43+08:00 ] ::1 /index.php/Admin/Article/add
INFO: [ app_init ] --START--
INFO: Run Behavior\BuildLiteBehavior [ RunTime:0.000052s ]
INFO: [ app_init ] --END-- [ RunTime:0.000528s ]
INFO: [ app_begin ] --START--
INFO: Run Behavior\ReadHtmlCacheBehavior [ RunTime:0.000562s ]
INFO: [ app_begin ] --END-- [ RunTime:0.000816s ]
SQL: SHOW COLUMNS FROM `mt_article` [ RunTime:0.0617s ]
SQL: SHOW COLUMNS FROM `mt_category` [ RunTime:0.0554s ]
SQL: SELECT * FROM `mt_category` ORDER BY sort  [ RunTime:0.0539s ]
SQL: SHOW COLUMNS FROM `mt_tag` [ RunTime:0.0560s ]
SQL: SELECT * FROM `mt_tag`  [ RunTime:0.0529s ]
SQL: SHOW COLUMNS FROM `mt_article_tag` [ RunTime:0.0558s ]
SQL: SELECT COUNT(*) AS tp_count FROM `mt_article_tag` WHERE `tid` = 20 LIMIT 1   [ RunTime:0.0530s ]
INFO: [ view_parse ] --START--
INFO: [ template_filter ] --START--
INFO: Run Behavior\ContentReplaceBehavior [ RunTime:0.000152s ]
INFO: [ template_filter ] --END-- [ RunTime:0.000408s ]
INFO: Run Behavior\ParseTemplateBehavior [ RunTime:0.015377s ]
INFO: [ view_parse ] --END-- [ RunTime:0.015750s ]
INFO: [ view_filter ] --START--
INFO: Run Behavior\WriteHtmlCacheBehavior [ RunTime:0.000224s ]
INFO: [ view_filter ] --END-- [ RunTime:0.000466s ]
INFO: [ app_end ] --START--
INFO: Run Behavior\ShowPageTraceBehavior [ RunTime:0.000579s ]
INFO: [ app_end ] --END-- [ RunTime:0.000835s ]

[ 2017-01-14T20:04:53+08:00 ] ::1 /index.php/Admin/Article/add
INFO: [ app_init ] --START--
INFO: Run Behavior\BuildLiteBehavior [ RunTime:0.000059s ]
INFO: [ app_init ] --END-- [ RunTime:0.000662s ]
INFO: [ app_begin ] --START--
INFO: Run Behavior\ReadHtmlCacheBehavior [ RunTime:0.000600s ]
INFO: [ app_begin ] --END-- [ RunTime:0.000929s ]
SQL: SHOW COLUMNS FROM `mt_article` [ RunTime:0.0543s ]
SQL: SHOW COLUMNS FROM `mt_category` [ RunTime:0.0541s ]
SQL: SELECT * FROM `mt_category` ORDER BY sort  [ RunTime:0.0536s ]
SQL: SHOW COLUMNS FROM `mt_tag` [ RunTime:0.0548s ]
SQL: SELECT * FROM `mt_tag`  [ RunTime:0.0516s ]
SQL: SHOW COLUMNS FROM `mt_article_tag` [ RunTime:0.0550s ]
SQL: SELECT COUNT(*) AS tp_count FROM `mt_article_tag` WHERE `tid` = 20 LIMIT 1   [ RunTime:0.0529s ]
INFO: [ view_parse ] --START--
INFO: [ template_filter ] --START--
INFO: Run Behavior\ContentReplaceBehavior [ RunTime:0.000158s ]
INFO: [ template_filter ] --END-- [ RunTime:0.000414s ]
INFO: Run Behavior\ParseTemplateBehavior [ RunTime:0.017144s ]
INFO: [ view_parse ] --END-- [ RunTime:0.017508s ]
INFO: [ view_filter ] --START--
INFO: Run Behavior\WriteHtmlCacheBehavior [ RunTime:0.000210s ]
INFO: [ view_filter ] --END-- [ RunTime:0.000434s ]
INFO: [ app_end ] --START--
INFO: Run Behavior\ShowPageTraceBehavior [ RunTime:0.000534s ]
INFO: [ app_end ] --END-- [ RunTime:0.000770s ]

[ 2017-01-14T20:04:54+08:00 ] ::1 /index.php/Admin/Article/index
INFO: [ app_init ] --START--
INFO: Run Behavior\BuildLiteBehavior [ RunTime:0.000067s ]
INFO: [ app_init ] --END-- [ RunTime:0.000937s ]
INFO: [ app_begin ] --START--
INFO: Run Behavior\ReadHtmlCacheBehavior [ RunTime:0.000633s ]
INFO: [ app_begin ] --END-- [ RunTime:0.001007s ]
SQL: SHOW COLUMNS FROM `mt_article` [ RunTime:0.0836s ]
SQL: SELECT COUNT(*) AS tp_count FROM `mt_article` WHERE `is_delete` = 0 LIMIT 1   [ RunTime:0.0514s ]
SQL: SELECT * FROM `mt_article` WHERE `is_delete` = 0 ORDER BY addtime desc LIMIT 0,15   [ RunTime:0.0521s ]
SQL: SHOW COLUMNS FROM `mt_article_tag` [ RunTime:0.0854s ]
SQL: SHOW COLUMNS FROM `mt_article_tag` [ RunTime:0.0551s ]
SQL: SELECT * FROM `mt_article_tag` INNER JOIN mt_tag ON mt_article_tag.tid=mt_tag.tid  WHERE `aid` = '17'  [ RunTime:0.0533s ]
SQL: SHOW COLUMNS FROM `mt_article_pic` [ RunTime:0.0757s ]
SQL: SELECT `path` FROM `mt_article_pic` WHERE `aid` = 17 ORDER BY ap_id asc LIMIT 1   [ RunTime:0.0529s ]
SQL: SHOW COLUMNS FROM `mt_category` [ RunTime:0.0541s ]
SQL: SELECT `cid`,`cid`,`cname` FROM `mt_category` WHERE `cid` = 28  [ RunTime:0.0537s ]
INFO: [ view_parse ] --START--
INFO: [ template_filter ] --START--
INFO: Run Behavior\ContentReplaceBehavior [ RunTime:0.000148s ]
INFO: [ template_filter ] --END-- [ RunTime:0.000400s ]
INFO: Run Behavior\ParseTemplateBehavior [ RunTime:0.020567s ]
INFO: [ view_parse ] --END-- [ RunTime:0.020854s ]
INFO: [ view_filter ] --START--
INFO: Run Behavior\WriteHtmlCacheBehavior [ RunTime:0.000207s ]
INFO: [ view_filter ] --END-- [ RunTime:0.000428s ]
INFO: [ app_end ] --START--
INFO: Run Behavior\ShowPageTraceBehavior [ RunTime:0.000650s ]
INFO: [ app_end ] --END-- [ RunTime:0.000985s ]

[ 2017-01-14T20:04:54+08:00 ] ::1 /index.php/Admin/Config/index
INFO: [ app_init ] --START--
INFO: Run Behavior\BuildLiteBehavior [ RunTime:0.000054s ]
INFO: [ app_init ] --END-- [ RunTime:0.000531s ]
INFO: [ app_begin ] --START--
INFO: Run Behavior\ReadHtmlCacheBehavior [ RunTime:0.000467s ]
INFO: [ app_begin ] --END-- [ RunTime:0.000709s ]
SQL: SHOW COLUMNS FROM `mt_config` [ RunTime:0.0536s ]
SQL: SELECT `name`,`value` FROM `mt_config`  [ RunTime:0.0544s ]
INFO: [ view_parse ] --START--
INFO: [ template_filter ] --START--
INFO: Run Behavior\ContentReplaceBehavior [ RunTime:0.000233s ]
INFO: [ template_filter ] --END-- [ RunTime:0.000505s ]
INFO: Run Behavior\ParseTemplateBehavior [ RunTime:0.033213s ]
INFO: [ view_parse ] --END-- [ RunTime:0.033589s ]
INFO: [ view_filter ] --START--
INFO: Run Behavior\WriteHtmlCacheBehavior [ RunTime:0.000276s ]
INFO: [ view_filter ] --END-- [ RunTime:0.000609s ]
INFO: [ app_end ] --START--
INFO: Run Behavior\ShowPageTraceBehavior [ RunTime:0.000764s ]
INFO: [ app_end ] --END-- [ RunTime:0.001142s ]

[ 2017-01-14T20:11:38+08:00 ] ::1 /index.php/Admin/Config/index
INFO: [ app_init ] --START--
INFO: Run Behavior\BuildLiteBehavior [ RunTime:0.000142s ]
INFO: [ app_init ] --END-- [ RunTime:0.001035s ]
INFO: [ app_begin ] --START--
INFO: Run Behavior\ReadHtmlCacheBehavior [ RunTime:0.000746s ]
INFO: [ app_begin ] --END-- [ RunTime:0.001061s ]
SQL: SHOW COLUMNS FROM `mt_config` [ RunTime:0.0537s ]
SQL: UPDATE `mt_config` SET `value`='1' WHERE `name` = 'WEB_STATUS' [ RunTime:0.0585s ]
SQL: UPDATE `mt_config` SET `value`='网站升级中，请稍后访问。' WHERE `name` = 'WEB_CLOSE_WORD' [ RunTime:0.0552s ]
SQL: UPDATE `mt_config` SET `value`='渝ICP备16001407号-1' WHERE `name` = 'WEB_ICP_NUMBER' [ RunTime:0.0577s ]
SQL: UPDATE `mt_config` SET `value`='2993991515@qq.com' WHERE `name` = 'ADMIN_EMAIL' [ RunTime:0.0560s ]
SQL: UPDATE `mt_config` SET `value`='白俊遥博客' WHERE `name` = 'WEB_NAME' [ RunTime:0.0568s ]
SQL: UPDATE `mt_config` SET `value`='白俊遥,帅白,技术博客,个人博客,bjyblog' WHERE `name` = 'WEB_KEYWORDS' [ RunTime:0.0758s ]
SQL: UPDATE `mt_config` SET `value`='白俊遥的个人技术博客,bjyblog官方网站' WHERE `name` = 'WEB_DESCRIPTION' [ RunTime:0.0562s ]
SQL: UPDATE `mt_config` SET `value`='白俊遥' WHERE `name` = 'AUTHOR' [ RunTime:0.0575s ]
SQL: UPDATE `mt_config` SET `value`='本文为白俊遥原创文章,转载无需和我联系,但请注明来自白俊遥博客baijunyao.com' WHERE `name` = 'COPYRIGHT_WORD' [ RunTime:0.0551s ]
SQL: UPDATE `mt_config` SET `value`='白俊遥博客' WHERE `name` = 'IMAGE_TITLE_ALT_WORD' [ RunTime:0.0785s ]
SQL: UPDATE `mt_config` SET `value`='1' WHERE `name` = 'WATER_TYPE' [ RunTime:0.0592s ]
SQL: UPDATE `mt_config` SET `value`='baijunyao.com' WHERE `name` = 'TEXT_WATER_WORD' [ RunTime:0.0561s ]
SQL: UPDATE `mt_config` SET `value`='./Public/static/font/ariali.ttf' WHERE `name` = 'TEXT_WATER_TTF_PTH' [ RunTime:0.0548s ]
SQL: UPDATE `mt_config` SET `value`='15' WHERE `name` = 'TEXT_WATER_FONT_SIZE' [ RunTime:0.0568s ]
SQL: UPDATE `mt_config` SET `value`='#008CBA' WHERE `name` = 'TEXT_WATER_COLOR' [ RunTime:0.0580s ]
SQL: UPDATE `mt_config` SET `value`='0' WHERE `name` = 'TEXT_WATER_ANGLE' [ RunTime:0.0581s ]
SQL: UPDATE `mt_config` SET `value`='9' WHERE `name` = 'TEXT_WATER_LOCATE' [ RunTime:0.0561s ]
SQL: UPDATE `mt_config` SET `value`='./Upload/image/logo/logo.png' WHERE `name` = 'IMAGE_WATER_PIC_PTAH' [ RunTime:0.0584s ]
SQL: UPDATE `mt_config` SET `value`='9' WHERE `name` = 'IMAGE_WATER_LOCATE' [ RunTime:0.0598s ]
SQL: UPDATE `mt_config` SET `value`='80' WHERE `name` = 'IMAGE_WATER_ALPHA' [ RunTime:0.0572s ]
SQL: UPDATE `mt_config` SET `value`='' WHERE `name` = 'QQ_APP_ID' [ RunTime:0.0583s ]
SQL: UPDATE `mt_config` SET `value`='' WHERE `name` = 'QQ_APP_KEY' [ RunTime:0.0741s ]
SQL: UPDATE `mt_config` SET `value`='' WHERE `name` = 'SINA_API_KEY' [ RunTime:0.0604s ]
SQL: UPDATE `mt_config` SET `value`='' WHERE `name` = 'SINA_SECRET' [ RunTime:0.0634s ]
SQL: UPDATE `mt_config` SET `value`='' WHERE `name` = 'DOUBAN_API_KEY' [ RunTime:0.1465s ]
SQL: UPDATE `mt_config` SET `value`='' WHERE `name` = 'DOUBAN_SECRET' [ RunTime:0.0722s ]
SQL: UPDATE `mt_config` SET `value`='' WHERE `name` = 'RENREN_API_KEY' [ RunTime:0.0565s ]
SQL: UPDATE `mt_config` SET `value`='' WHERE `name` = 'RENREN_SECRET' [ RunTime:0.0558s ]
SQL: UPDATE `mt_config` SET `value`='' WHERE `name` = 'KAIXIN_API_KEY' [ RunTime:0.0577s ]
SQL: UPDATE `mt_config` SET `value`='' WHERE `name` = 'KAIXIN_SECRET' [ RunTime:0.0574s ]
SQL: UPDATE `mt_config` SET `value`='' WHERE `name` = 'GITHUB_CLIENT_ID' [ RunTime:0.0560s ]
SQL: UPDATE `mt_config` SET `value`='' WHERE `name` = 'GITHUB_CLIENT_SECRET' [ RunTime:0.0569s ]
SQL: UPDATE `mt_config` SET `value`='' WHERE `name` = 'SOHU_API_KEY' [ RunTime:0.0557s ]
SQL: UPDATE `mt_config` SET `value`='' WHERE `name` = 'SOHU_SECRET' [ RunTime:0.0553s ]
SQL: UPDATE `mt_config` SET `value`='' WHERE `name` = 'BAIDU_SITE_URL' [ RunTime:0.0646s ]
SQL: UPDATE `mt_config` SET `value`='' WHERE `name` = 'WEB_STATISTICS' [ RunTime:0.0556s ]
SQL: UPDATE `mt_config` SET `value`='' WHERE `name` = 'EMAIL_SMTP' [ RunTime:0.0609s ]
SQL: UPDATE `mt_config` SET `value`='' WHERE `name` = 'EMAIL_USERNAME' [ RunTime:0.0605s ]
SQL: UPDATE `mt_config` SET `value`='' WHERE `name` = 'EMAIL_PASSWORD' [ RunTime:0.0559s ]
SQL: UPDATE `mt_config` SET `value`='' WHERE `name` = 'EMAIL_FROM_NAME' [ RunTime:0.0606s ]
SQL: UPDATE `mt_config` SET `value`='1' WHERE `name` = 'COMMENT_REVIEW' [ RunTime:0.0564s ]
SQL: UPDATE `mt_config` SET `value`='0' WHERE `name` = 'COMMENT_SEND_EMAIL' [ RunTime:0.0573s ]
SQL: UPDATE `mt_config` SET `value`='' WHERE `name` = 'EMAIL_RECEIVE' [ RunTime:0.0570s ]
NOTIC: [8] Undefined index: CHANGYAN_COMMENT /Applications/MAMP/htdocs/mt.com/Application/Common/Model/ConfigModel.class.php 第 26 行.
INFO: [ view_parse ] --START--
INFO: [ template_filter ] --START--
INFO: Run Behavior\ContentReplaceBehavior [ RunTime:0.000188s ]
INFO: [ template_filter ] --END-- [ RunTime:0.000532s ]
INFO: Run Behavior\ParseTemplateBehavior [ RunTime:0.013085s ]
INFO: [ view_parse ] --END-- [ RunTime:0.013462s ]
INFO: [ view_filter ] --START--
INFO: Run Behavior\WriteHtmlCacheBehavior [ RunTime:0.000503s ]
INFO: [ view_filter ] --END-- [ RunTime:0.000809s ]
INFO: [ app_end ] --START--
INFO: Run Behavior\ShowPageTraceBehavior [ RunTime:0.000831s ]
INFO: [ app_end ] --END-- [ RunTime:0.001149s ]

[ 2017-01-14T20:11:39+08:00 ] ::1 /index.php/Admin/Config/index
INFO: [ app_init ] --START--
INFO: Run Behavior\BuildLiteBehavior [ RunTime:0.000052s ]
INFO: [ app_init ] --END-- [ RunTime:0.000529s ]
INFO: [ app_begin ] --START--
INFO: Run Behavior\ReadHtmlCacheBehavior [ RunTime:0.000474s ]
INFO: [ app_begin ] --END-- [ RunTime:0.000706s ]
SQL: SHOW COLUMNS FROM `mt_config` [ RunTime:0.0536s ]
SQL: SELECT `name`,`value` FROM `mt_config`  [ RunTime:0.0540s ]
INFO: [ view_parse ] --START--
INFO: [ template_filter ] --START--
INFO: Run Behavior\ContentReplaceBehavior [ RunTime:0.000188s ]
INFO: [ template_filter ] --END-- [ RunTime:0.000426s ]
INFO: Run Behavior\ParseTemplateBehavior [ RunTime:0.030366s ]
INFO: [ view_parse ] --END-- [ RunTime:0.030708s ]
INFO: [ view_filter ] --START--
INFO: Run Behavior\WriteHtmlCacheBehavior [ RunTime:0.000174s ]
INFO: [ view_filter ] --END-- [ RunTime:0.000388s ]
INFO: [ app_end ] --START--
INFO: Run Behavior\ShowPageTraceBehavior [ RunTime:0.000544s ]
INFO: [ app_end ] --END-- [ RunTime:0.000810s ]

[ 2017-01-14T20:12:34+08:00 ] ::1 /index.php/Admin/Config/index
INFO: [ app_init ] --START--
INFO: Run Behavior\BuildLiteBehavior [ RunTime:0.000064s ]
INFO: [ app_init ] --END-- [ RunTime:0.000711s ]
INFO: [ app_begin ] --START--
INFO: Run Behavior\ReadHtmlCacheBehavior [ RunTime:0.000559s ]
INFO: [ app_begin ] --END-- [ RunTime:0.000845s ]
SQL: SHOW COLUMNS FROM `mt_config` [ RunTime:0.0606s ]
SQL: UPDATE `mt_config` SET `value`='1' WHERE `name` = 'WEB_STATUS' [ RunTime:0.0571s ]
SQL: UPDATE `mt_config` SET `value`='网站升级中，请稍后访问。' WHERE `name` = 'WEB_CLOSE_WORD' [ RunTime:0.0559s ]
SQL: UPDATE `mt_config` SET `value`='渝ICP备16001407号-1' WHERE `name` = 'WEB_ICP_NUMBER' [ RunTime:0.0581s ]
SQL: UPDATE `mt_config` SET `value`='2993991515@qq.com' WHERE `name` = 'ADMIN_EMAIL' [ RunTime:0.0572s ]
SQL: UPDATE `mt_config` SET `value`='摩托圈' WHERE `name` = 'WEB_NAME' [ RunTime:0.0550s ]
SQL: UPDATE `mt_config` SET `value`='摩托圈,技术博客,个人博客' WHERE `name` = 'WEB_KEYWORDS' [ RunTime:0.0558s ]
SQL: UPDATE `mt_config` SET `value`='摩托圈官方网站' WHERE `name` = 'WEB_DESCRIPTION' [ RunTime:0.0547s ]
SQL: UPDATE `mt_config` SET `value`='摩托圈' WHERE `name` = 'AUTHOR' [ RunTime:0.0562s ]
SQL: UPDATE `mt_config` SET `value`='本文为摩托圈原创文章,转载无需和我联系,但请注明来自摩托圈博客http://www.motorquan.com/' WHERE `name` = 'COPYRIGHT_WORD' [ RunTime:0.0544s ]
SQL: UPDATE `mt_config` SET `value`='摩托圈' WHERE `name` = 'IMAGE_TITLE_ALT_WORD' [ RunTime:0.0584s ]
SQL: UPDATE `mt_config` SET `value`='1' WHERE `name` = 'WATER_TYPE' [ RunTime:0.0563s ]
SQL: UPDATE `mt_config` SET `value`='baijunyao.com' WHERE `name` = 'TEXT_WATER_WORD' [ RunTime:0.0610s ]
SQL: UPDATE `mt_config` SET `value`='./Public/static/font/ariali.ttf' WHERE `name` = 'TEXT_WATER_TTF_PTH' [ RunTime:0.0614s ]
SQL: UPDATE `mt_config` SET `value`='15' WHERE `name` = 'TEXT_WATER_FONT_SIZE' [ RunTime:0.0568s ]
SQL: UPDATE `mt_config` SET `value`='#008CBA' WHERE `name` = 'TEXT_WATER_COLOR' [ RunTime:0.0537s ]
SQL: UPDATE `mt_config` SET `value`='0' WHERE `name` = 'TEXT_WATER_ANGLE' [ RunTime:0.0594s ]
SQL: UPDATE `mt_config` SET `value`='9' WHERE `name` = 'TEXT_WATER_LOCATE' [ RunTime:0.0560s ]
SQL: UPDATE `mt_config` SET `value`='./Upload/image/logo/logo.png' WHERE `name` = 'IMAGE_WATER_PIC_PTAH' [ RunTime:0.0569s ]
SQL: UPDATE `mt_config` SET `value`='9' WHERE `name` = 'IMAGE_WATER_LOCATE' [ RunTime:0.0579s ]
SQL: UPDATE `mt_config` SET `value`='80' WHERE `name` = 'IMAGE_WATER_ALPHA' [ RunTime:0.0575s ]
SQL: UPDATE `mt_config` SET `value`='' WHERE `name` = 'QQ_APP_ID' [ RunTime:0.0555s ]
SQL: UPDATE `mt_config` SET `value`='' WHERE `name` = 'QQ_APP_KEY' [ RunTime:0.0543s ]
SQL: UPDATE `mt_config` SET `value`='' WHERE `name` = 'SINA_API_KEY' [ RunTime:0.0558s ]
SQL: UPDATE `mt_config` SET `value`='' WHERE `name` = 'SINA_SECRET' [ RunTime:0.1253s ]
SQL: UPDATE `mt_config` SET `value`='' WHERE `name` = 'DOUBAN_API_KEY' [ RunTime:0.0870s ]
SQL: UPDATE `mt_config` SET `value`='' WHERE `name` = 'DOUBAN_SECRET' [ RunTime:0.0644s ]
SQL: UPDATE `mt_config` SET `value`='' WHERE `name` = 'RENREN_API_KEY' [ RunTime:0.0994s ]
SQL: UPDATE `mt_config` SET `value`='' WHERE `name` = 'RENREN_SECRET' [ RunTime:0.0551s ]
SQL: UPDATE `mt_config` SET `value`='' WHERE `name` = 'KAIXIN_API_KEY' [ RunTime:0.0806s ]
SQL: UPDATE `mt_config` SET `value`='' WHERE `name` = 'KAIXIN_SECRET' [ RunTime:0.0587s ]
SQL: UPDATE `mt_config` SET `value`='' WHERE `name` = 'GITHUB_CLIENT_ID' [ RunTime:0.0778s ]
SQL: UPDATE `mt_config` SET `value`='' WHERE `name` = 'GITHUB_CLIENT_SECRET' [ RunTime:0.0599s ]
SQL: UPDATE `mt_config` SET `value`='' WHERE `name` = 'SOHU_API_KEY' [ RunTime:0.0749s ]
SQL: UPDATE `mt_config` SET `value`='' WHERE `name` = 'SOHU_SECRET' [ RunTime:0.0614s ]
SQL: UPDATE `mt_config` SET `value`='' WHERE `name` = 'BAIDU_SITE_URL' [ RunTime:0.0565s ]
SQL: UPDATE `mt_config` SET `value`='' WHERE `name` = 'WEB_STATISTICS' [ RunTime:0.0564s ]
SQL: UPDATE `mt_config` SET `value`='' WHERE `name` = 'EMAIL_SMTP' [ RunTime:0.0573s ]
SQL: UPDATE `mt_config` SET `value`='' WHERE `name` = 'EMAIL_USERNAME' [ RunTime:0.0590s ]
SQL: UPDATE `mt_config` SET `value`='' WHERE `name` = 'EMAIL_PASSWORD' [ RunTime:0.0603s ]
SQL: UPDATE `mt_config` SET `value`='' WHERE `name` = 'EMAIL_FROM_NAME' [ RunTime:0.0563s ]
SQL: UPDATE `mt_config` SET `value`='1' WHERE `name` = 'COMMENT_REVIEW' [ RunTime:0.0578s ]
SQL: UPDATE `mt_config` SET `value`='0' WHERE `name` = 'COMMENT_SEND_EMAIL' [ RunTime:0.0541s ]
SQL: UPDATE `mt_config` SET `value`='' WHERE `name` = 'EMAIL_RECEIVE' [ RunTime:0.0563s ]
NOTIC: [8] Undefined index: CHANGYAN_COMMENT /Applications/MAMP/htdocs/mt.com/Application/Common/Model/ConfigModel.class.php 第 26 行.
INFO: [ view_parse ] --START--
INFO: [ template_filter ] --START--
INFO: Run Behavior\ContentReplaceBehavior [ RunTime:0.000147s ]
INFO: [ template_filter ] --END-- [ RunTime:0.000424s ]
INFO: Run Behavior\ParseTemplateBehavior [ RunTime:0.010232s ]
INFO: [ view_parse ] --END-- [ RunTime:0.010512s ]
INFO: [ view_filter ] --START--
INFO: Run Behavior\WriteHtmlCacheBehavior [ RunTime:0.000210s ]
INFO: [ view_filter ] --END-- [ RunTime:0.000428s ]
INFO: [ app_end ] --START--
INFO: Run Behavior\ShowPageTraceBehavior [ RunTime:0.000560s ]
INFO: [ app_end ] --END-- [ RunTime:0.000805s ]

[ 2017-01-14T20:12:35+08:00 ] ::1 /index.php/Admin/Config/index
INFO: [ app_init ] --START--
INFO: Run Behavior\BuildLiteBehavior [ RunTime:0.000063s ]
INFO: [ app_init ] --END-- [ RunTime:0.000742s ]
INFO: [ app_begin ] --START--
INFO: Run Behavior\ReadHtmlCacheBehavior [ RunTime:0.000567s ]
INFO: [ app_begin ] --END-- [ RunTime:0.000832s ]
SQL: SHOW COLUMNS FROM `mt_config` [ RunTime:0.0539s ]
SQL: SELECT `name`,`value` FROM `mt_config`  [ RunTime:0.0573s ]
INFO: [ view_parse ] --START--
INFO: [ template_filter ] --START--
INFO: Run Behavior\ContentReplaceBehavior [ RunTime:0.000217s ]
INFO: [ template_filter ] --END-- [ RunTime:0.000473s ]
INFO: Run Behavior\ParseTemplateBehavior [ RunTime:0.028715s ]
INFO: [ view_parse ] --END-- [ RunTime:0.029071s ]
INFO: [ view_filter ] --START--
INFO: Run Behavior\WriteHtmlCacheBehavior [ RunTime:0.000217s ]
INFO: [ view_filter ] --END-- [ RunTime:0.000463s ]
INFO: [ app_end ] --START--
INFO: Run Behavior\ShowPageTraceBehavior [ RunTime:0.000599s ]
INFO: [ app_end ] --END-- [ RunTime:0.000881s ]

[ 2017-01-14T20:13:00+08:00 ] ::1 /index.php/Admin/Config/index
INFO: [ app_init ] --START--
INFO: Run Behavior\BuildLiteBehavior [ RunTime:0.000078s ]
INFO: [ app_init ] --END-- [ RunTime:0.000559s ]
INFO: [ app_begin ] --START--
INFO: Run Behavior\ReadHtmlCacheBehavior [ RunTime:0.000455s ]
INFO: [ app_begin ] --END-- [ RunTime:0.000687s ]
SQL: SHOW COLUMNS FROM `mt_config` [ RunTime:0.0536s ]
SQL: UPDATE `mt_config` SET `value`='1' WHERE `name` = 'WEB_STATUS' [ RunTime:0.0551s ]
SQL: UPDATE `mt_config` SET `value`='网站升级中，请稍后访问。' WHERE `name` = 'WEB_CLOSE_WORD' [ RunTime:0.0556s ]
SQL: UPDATE `mt_config` SET `value`='渝ICP备16001407号-1' WHERE `name` = 'WEB_ICP_NUMBER' [ RunTime:0.0551s ]
SQL: UPDATE `mt_config` SET `value`='2993991515@qq.com' WHERE `name` = 'ADMIN_EMAIL' [ RunTime:0.0554s ]
SQL: UPDATE `mt_config` SET `value`='摩托圈' WHERE `name` = 'WEB_NAME' [ RunTime:0.0551s ]
SQL: UPDATE `mt_config` SET `value`='摩托圈,技术博客,个人博客' WHERE `name` = 'WEB_KEYWORDS' [ RunTime:0.0574s ]
SQL: UPDATE `mt_config` SET `value`='摩托圈官方网站' WHERE `name` = 'WEB_DESCRIPTION' [ RunTime:0.0582s ]
SQL: UPDATE `mt_config` SET `value`='摩托圈' WHERE `name` = 'AUTHOR' [ RunTime:0.0564s ]
SQL: UPDATE `mt_config` SET `value`='本文为摩托圈原创文章,转载无需和我联系,但请注明来自摩托圈博客http://www.motorquan.com/' WHERE `name` = 'COPYRIGHT_WORD' [ RunTime:0.0633s ]
SQL: UPDATE `mt_config` SET `value`='摩托圈' WHERE `name` = 'IMAGE_TITLE_ALT_WORD' [ RunTime:0.0542s ]
SQL: UPDATE `mt_config` SET `value`='1' WHERE `name` = 'WATER_TYPE' [ RunTime:0.0564s ]
SQL: UPDATE `mt_config` SET `value`='http://www.motorquan.com/' WHERE `name` = 'TEXT_WATER_WORD' [ RunTime:0.0586s ]
SQL: UPDATE `mt_config` SET `value`='./Public/static/font/ariali.ttf' WHERE `name` = 'TEXT_WATER_TTF_PTH' [ RunTime:0.0599s ]
SQL: UPDATE `mt_config` SET `value`='15' WHERE `name` = 'TEXT_WATER_FONT_SIZE' [ RunTime:0.0543s ]
SQL: UPDATE `mt_config` SET `value`='#008CBA' WHERE `name` = 'TEXT_WATER_COLOR' [ RunTime:0.0586s ]
SQL: UPDATE `mt_config` SET `value`='0' WHERE `name` = 'TEXT_WATER_ANGLE' [ RunTime:0.0563s ]
SQL: UPDATE `mt_config` SET `value`='9' WHERE `name` = 'TEXT_WATER_LOCATE' [ RunTime:0.0550s ]
SQL: UPDATE `mt_config` SET `value`='./Upload/image/logo/logo.png' WHERE `name` = 'IMAGE_WATER_PIC_PTAH' [ RunTime:0.0550s ]
SQL: UPDATE `mt_config` SET `value`='9' WHERE `name` = 'IMAGE_WATER_LOCATE' [ RunTime:0.0594s ]
SQL: UPDATE `mt_config` SET `value`='80' WHERE `name` = 'IMAGE_WATER_ALPHA' [ RunTime:0.0572s ]
SQL: UPDATE `mt_config` SET `value`='' WHERE `name` = 'QQ_APP_ID' [ RunTime:0.0553s ]
SQL: UPDATE `mt_config` SET `value`='' WHERE `name` = 'QQ_APP_KEY' [ RunTime:0.0558s ]
SQL: UPDATE `mt_config` SET `value`='' WHERE `name` = 'SINA_API_KEY' [ RunTime:0.0545s ]
SQL: UPDATE `mt_config` SET `value`='' WHERE `name` = 'SINA_SECRET' [ RunTime:0.0565s ]
SQL: UPDATE `mt_config` SET `value`='' WHERE `name` = 'DOUBAN_API_KEY' [ RunTime:0.0576s ]
SQL: UPDATE `mt_config` SET `value`='' WHERE `name` = 'DOUBAN_SECRET' [ RunTime:0.0555s ]
SQL: UPDATE `mt_config` SET `value`='' WHERE `name` = 'RENREN_API_KEY' [ RunTime:0.0622s ]
SQL: UPDATE `mt_config` SET `value`='' WHERE `name` = 'RENREN_SECRET' [ RunTime:0.0578s ]
SQL: UPDATE `mt_config` SET `value`='' WHERE `name` = 'KAIXIN_API_KEY' [ RunTime:0.0560s ]
SQL: UPDATE `mt_config` SET `value`='' WHERE `name` = 'KAIXIN_SECRET' [ RunTime:0.0548s ]
SQL: UPDATE `mt_config` SET `value`='' WHERE `name` = 'GITHUB_CLIENT_ID' [ RunTime:0.1410s ]
SQL: UPDATE `mt_config` SET `value`='' WHERE `name` = 'GITHUB_CLIENT_SECRET' [ RunTime:0.0758s ]
SQL: UPDATE `mt_config` SET `value`='' WHERE `name` = 'SOHU_API_KEY' [ RunTime:0.0619s ]
SQL: UPDATE `mt_config` SET `value`='' WHERE `name` = 'SOHU_SECRET' [ RunTime:0.0548s ]
SQL: UPDATE `mt_config` SET `value`='' WHERE `name` = 'BAIDU_SITE_URL' [ RunTime:0.0552s ]
SQL: UPDATE `mt_config` SET `value`='' WHERE `name` = 'WEB_STATISTICS' [ RunTime:0.0630s ]
SQL: UPDATE `mt_config` SET `value`='' WHERE `name` = 'EMAIL_SMTP' [ RunTime:0.0551s ]
SQL: UPDATE `mt_config` SET `value`='' WHERE `name` = 'EMAIL_USERNAME' [ RunTime:0.0563s ]
SQL: UPDATE `mt_config` SET `value`='' WHERE `name` = 'EMAIL_PASSWORD' [ RunTime:0.0547s ]
SQL: UPDATE `mt_config` SET `value`='' WHERE `name` = 'EMAIL_FROM_NAME' [ RunTime:0.0562s ]
SQL: UPDATE `mt_config` SET `value`='1' WHERE `name` = 'COMMENT_REVIEW' [ RunTime:0.0552s ]
SQL: UPDATE `mt_config` SET `value`='0' WHERE `name` = 'COMMENT_SEND_EMAIL' [ RunTime:0.0548s ]
SQL: UPDATE `mt_config` SET `value`='' WHERE `name` = 'EMAIL_RECEIVE' [ RunTime:0.0574s ]
NOTIC: [8] Undefined index: CHANGYAN_COMMENT /Applications/MAMP/htdocs/mt.com/Application/Common/Model/ConfigModel.class.php 第 26 行.
INFO: [ view_parse ] --START--
INFO: [ template_filter ] --START--
INFO: Run Behavior\ContentReplaceBehavior [ RunTime:0.000145s ]
INFO: [ template_filter ] --END-- [ RunTime:0.000405s ]
INFO: Run Behavior\ParseTemplateBehavior [ RunTime:0.009230s ]
INFO: [ view_parse ] --END-- [ RunTime:0.009527s ]
INFO: [ view_filter ] --START--
INFO: Run Behavior\WriteHtmlCacheBehavior [ RunTime:0.000195s ]
INFO: [ view_filter ] --END-- [ RunTime:0.000418s ]
INFO: [ app_end ] --START--
INFO: Run Behavior\ShowPageTraceBehavior [ RunTime:0.000500s ]
INFO: [ app_end ] --END-- [ RunTime:0.000724s ]

[ 2017-01-14T20:13:01+08:00 ] ::1 /index.php/Admin/Config/index
INFO: [ app_init ] --START--
INFO: Run Behavior\BuildLiteBehavior [ RunTime:0.000059s ]
INFO: [ app_init ] --END-- [ RunTime:0.000610s ]
INFO: [ app_begin ] --START--
INFO: Run Behavior\ReadHtmlCacheBehavior [ RunTime:0.000516s ]
INFO: [ app_begin ] --END-- [ RunTime:0.000786s ]
SQL: SHOW COLUMNS FROM `mt_config` [ RunTime:0.0552s ]
SQL: SELECT `name`,`value` FROM `mt_config`  [ RunTime:0.0535s ]
INFO: [ view_parse ] --START--
INFO: [ template_filter ] --START--
INFO: Run Behavior\ContentReplaceBehavior [ RunTime:0.000187s ]
INFO: [ template_filter ] --END-- [ RunTime:0.000423s ]
INFO: Run Behavior\ParseTemplateBehavior [ RunTime:0.029138s ]
INFO: [ view_parse ] --END-- [ RunTime:0.029513s ]
INFO: [ view_filter ] --START--
INFO: Run Behavior\WriteHtmlCacheBehavior [ RunTime:0.000211s ]
INFO: [ view_filter ] --END-- [ RunTime:0.000429s ]
INFO: [ app_end ] --START--
INFO: Run Behavior\ShowPageTraceBehavior [ RunTime:0.000586s ]
INFO: [ app_end ] --END-- [ RunTime:0.000850s ]

[ 2017-01-14T20:13:09+08:00 ] ::1 /index.php/Admin/Link/index
INFO: [ app_init ] --START--
INFO: Run Behavior\BuildLiteBehavior [ RunTime:0.000060s ]
INFO: [ app_init ] --END-- [ RunTime:0.000656s ]
INFO: [ app_begin ] --START--
INFO: Run Behavior\ReadHtmlCacheBehavior [ RunTime:0.000504s ]
INFO: [ app_begin ] --END-- [ RunTime:0.000758s ]
SQL: SHOW COLUMNS FROM `mt_link` [ RunTime:0.0543s ]
SQL: SELECT * FROM `mt_link` WHERE `is_delete` = 0 ORDER BY sort  [ RunTime:0.0522s ]
INFO: [ view_parse ] --START--
INFO: [ template_filter ] --START--
INFO: Run Behavior\ContentReplaceBehavior [ RunTime:0.000169s ]
INFO: [ template_filter ] --END-- [ RunTime:0.000453s ]
INFO: Run Behavior\ParseTemplateBehavior [ RunTime:0.018614s ]
INFO: [ view_parse ] --END-- [ RunTime:0.018996s ]
INFO: [ view_filter ] --START--
INFO: Run Behavior\WriteHtmlCacheBehavior [ RunTime:0.000201s ]
INFO: [ view_filter ] --END-- [ RunTime:0.000423s ]
INFO: [ app_end ] --START--
INFO: Run Behavior\ShowPageTraceBehavior [ RunTime:0.000537s ]
INFO: [ app_end ] --END-- [ RunTime:0.000767s ]

[ 2017-01-14T20:13:11+08:00 ] ::1 /index.php/Admin/Link/add
INFO: [ app_init ] --START--
INFO: Run Behavior\BuildLiteBehavior [ RunTime:0.000053s ]
INFO: [ app_init ] --END-- [ RunTime:0.000549s ]
INFO: [ app_begin ] --START--
INFO: Run Behavior\ReadHtmlCacheBehavior [ RunTime:0.000453s ]
INFO: [ app_begin ] --END-- [ RunTime:0.000685s ]
SQL: SHOW COLUMNS FROM `mt_link` [ RunTime:0.0542s ]
INFO: [ view_parse ] --START--
INFO: [ template_filter ] --START--
INFO: Run Behavior\ContentReplaceBehavior [ RunTime:0.000188s ]
INFO: [ template_filter ] --END-- [ RunTime:0.000490s ]
INFO: Run Behavior\ParseTemplateBehavior [ RunTime:0.013608s ]
INFO: [ view_parse ] --END-- [ RunTime:0.013984s ]
INFO: [ view_filter ] --START--
INFO: Run Behavior\WriteHtmlCacheBehavior [ RunTime:0.000206s ]
INFO: [ view_filter ] --END-- [ RunTime:0.000471s ]
INFO: [ app_end ] --START--
INFO: Run Behavior\ShowPageTraceBehavior [ RunTime:0.000520s ]
INFO: [ app_end ] --END-- [ RunTime:0.000769s ]

[ 2017-01-14T20:13:12+08:00 ] ::1 /index.php/Admin/Link/index
INFO: [ app_init ] --START--
INFO: Run Behavior\BuildLiteBehavior [ RunTime:0.000051s ]
INFO: [ app_init ] --END-- [ RunTime:0.000531s ]
INFO: [ app_begin ] --START--
INFO: Run Behavior\ReadHtmlCacheBehavior [ RunTime:0.000478s ]
INFO: [ app_begin ] --END-- [ RunTime:0.000710s ]
SQL: SHOW COLUMNS FROM `mt_link` [ RunTime:0.0544s ]
SQL: SELECT * FROM `mt_link` WHERE `is_delete` = 0 ORDER BY sort  [ RunTime:0.0517s ]
INFO: [ view_parse ] --START--
INFO: [ template_filter ] --START--
INFO: Run Behavior\ContentReplaceBehavior [ RunTime:0.000135s ]
INFO: [ template_filter ] --END-- [ RunTime:0.000370s ]
INFO: Run Behavior\ParseTemplateBehavior [ RunTime:0.013066s ]
INFO: [ view_parse ] --END-- [ RunTime:0.013369s ]
INFO: [ view_filter ] --START--
INFO: Run Behavior\WriteHtmlCacheBehavior [ RunTime:0.000232s ]
INFO: [ view_filter ] --END-- [ RunTime:0.000583s ]
INFO: [ app_end ] --START--
INFO: Run Behavior\ShowPageTraceBehavior [ RunTime:0.000627s ]
INFO: [ app_end ] --END-- [ RunTime:0.000953s ]

[ 2017-01-14T20:13:13+08:00 ] ::1 /index.php/Admin/Link/edit/lid/2
INFO: [ app_init ] --START--
INFO: Run Behavior\BuildLiteBehavior [ RunTime:0.000052s ]
INFO: [ app_init ] --END-- [ RunTime:0.000532s ]
INFO: [ app_begin ] --START--
INFO: Run Behavior\ReadHtmlCacheBehavior [ RunTime:0.000451s ]
INFO: [ app_begin ] --END-- [ RunTime:0.000679s ]
SQL: SHOW COLUMNS FROM `mt_link` [ RunTime:0.0558s ]
SQL: SELECT * FROM `mt_link` WHERE `lid` = 2 LIMIT 1   [ RunTime:0.0512s ]
INFO: [ view_parse ] --START--
INFO: [ template_filter ] --START--
INFO: Run Behavior\ContentReplaceBehavior [ RunTime:0.000178s ]
INFO: [ template_filter ] --END-- [ RunTime:0.000484s ]
INFO: Run Behavior\ParseTemplateBehavior [ RunTime:0.015881s ]
INFO: [ view_parse ] --END-- [ RunTime:0.016187s ]
INFO: [ view_filter ] --START--
INFO: Run Behavior\WriteHtmlCacheBehavior [ RunTime:0.000215s ]
INFO: [ view_filter ] --END-- [ RunTime:0.000474s ]
INFO: [ app_end ] --START--
INFO: Run Behavior\ShowPageTraceBehavior [ RunTime:0.000674s ]
INFO: [ app_end ] --END-- [ RunTime:0.000945s ]

[ 2017-01-14T20:13:22+08:00 ] ::1 /index.php/Admin/Link/edit
INFO: [ app_init ] --START--
INFO: Run Behavior\BuildLiteBehavior [ RunTime:0.000071s ]
INFO: [ app_init ] --END-- [ RunTime:0.000747s ]
INFO: [ app_begin ] --START--
INFO: Run Behavior\ReadHtmlCacheBehavior [ RunTime:0.000496s ]
INFO: [ app_begin ] --END-- [ RunTime:0.000743s ]
SQL: SHOW COLUMNS FROM `mt_link` [ RunTime:0.0545s ]
SQL: UPDATE `mt_link` SET `lid`='2',`lname`='摩托圈',`url`='http://www.motorquan.com/',`sort`='1',`is_show`='1' WHERE `lid` = 2 [ RunTime:0.0586s ]
INFO: [ view_parse ] --START--
INFO: [ template_filter ] --START--
INFO: Run Behavior\ContentReplaceBehavior [ RunTime:0.000147s ]
INFO: [ template_filter ] --END-- [ RunTime:0.000415s ]
INFO: Run Behavior\ParseTemplateBehavior [ RunTime:0.010442s ]
INFO: [ view_parse ] --END-- [ RunTime:0.010811s ]
INFO: [ view_filter ] --START--
INFO: Run Behavior\WriteHtmlCacheBehavior [ RunTime:0.000205s ]
INFO: [ view_filter ] --END-- [ RunTime:0.000461s ]
INFO: [ app_end ] --START--
INFO: Run Behavior\ShowPageTraceBehavior [ RunTime:0.000513s ]
INFO: [ app_end ] --END-- [ RunTime:0.000766s ]

[ 2017-01-14T20:13:23+08:00 ] ::1 /index.php/Admin/Link/edit/lid/2
INFO: [ app_init ] --START--
INFO: Run Behavior\BuildLiteBehavior [ RunTime:0.000055s ]
INFO: [ app_init ] --END-- [ RunTime:0.000558s ]
INFO: [ app_begin ] --START--
INFO: Run Behavior\ReadHtmlCacheBehavior [ RunTime:0.000597s ]
INFO: [ app_begin ] --END-- [ RunTime:0.000854s ]
SQL: SHOW COLUMNS FROM `mt_link` [ RunTime:0.0542s ]
SQL: SELECT * FROM `mt_link` WHERE `lid` = 2 LIMIT 1   [ RunTime:0.0532s ]
INFO: [ view_parse ] --START--
INFO: [ template_filter ] --START--
INFO: Run Behavior\ContentReplaceBehavior [ RunTime:0.000157s ]
INFO: [ template_filter ] --END-- [ RunTime:0.000424s ]
INFO: Run Behavior\ParseTemplateBehavior [ RunTime:0.010961s ]
INFO: [ view_parse ] --END-- [ RunTime:0.011256s ]
INFO: [ view_filter ] --START--
INFO: Run Behavior\WriteHtmlCacheBehavior [ RunTime:0.000212s ]
INFO: [ view_filter ] --END-- [ RunTime:0.000452s ]
INFO: [ app_end ] --START--
INFO: Run Behavior\ShowPageTraceBehavior [ RunTime:0.000531s ]
INFO: [ app_end ] --END-- [ RunTime:0.000760s ]

